Build started 09/07/2012 3:48:34 PM.
     1>Project "C:\Users\Andrew\Desktop\The Library\Code\VC#\orbit\bypass\mobysource\mobysource.vcxproj" on node 2 (rebuild target(s)).
     1>InitializeBuildStatus:
         Creating "Release\bypass.unsuccessfulbuild" because "AlwaysCreate" was specified.
       ClCompile:
         c:\Program Files (x86)\Microsoft Visual Studio 10.0\VC\bin\CL.exe /c /Zi /nologo /W3 /WX- /O2 /Oi /Oy- /GL /D WIN32 /D NDEBUG /D _WINDOWS /D _WINDLL /D _UNICODE /D UNICODE /Gm- /EHsc /MD /GS /Gy /fp:precise /Zc:wchar_t /Zc:forScope /Fo"Release\\" /Fd"Release\vc100.pdb" /Gd /TP /analyze- /errorReport:prompt blackcipher.cpp environment.cpp heartbeat.cpp hs_aes.cpp hs_aes_tables.cpp log.cpp maple.cpp md5.cpp moby.cpp util.cpp
         blackcipher.cpp
     1>blackcipher.cpp(119): warning C4996: '_wcslwr': This function or variable may be unsafe. Consider using _wcslwr_s instead. To disable deprecation, use _CRT_SECURE_NO_WARNINGS. See online help for details.
                 c:\Program Files (x86)\Microsoft Visual Studio 10.0\VC\include\string.h(336) : see declaration of '_wcslwr'
     1>blackcipher.cpp(188): warning C4996: '_wcslwr': This function or variable may be unsafe. Consider using _wcslwr_s instead. To disable deprecation, use _CRT_SECURE_NO_WARNINGS. See online help for details.
                 c:\Program Files (x86)\Microsoft Visual Studio 10.0\VC\include\string.h(336) : see declaration of '_wcslwr'
     1>blackcipher.cpp(190): warning C4805: '==' : unsafe mix of type 'BOOL' and type 'bool' in operation
     1>blackcipher.cpp(209): warning C4996: '_wcslwr': This function or variable may be unsafe. Consider using _wcslwr_s instead. To disable deprecation, use _CRT_SECURE_NO_WARNINGS. See online help for details.
                 c:\Program Files (x86)\Microsoft Visual Studio 10.0\VC\include\string.h(336) : see declaration of '_wcslwr'
     1>blackcipher.cpp(223): warning C4996: '_wcslwr': This function or variable may be unsafe. Consider using _wcslwr_s instead. To disable deprecation, use _CRT_SECURE_NO_WARNINGS. See online help for details.
                 c:\Program Files (x86)\Microsoft Visual Studio 10.0\VC\include\string.h(336) : see declaration of '_wcslwr'
     1>blackcipher.cpp(236): warning C4996: '_wcslwr': This function or variable may be unsafe. Consider using _wcslwr_s instead. To disable deprecation, use _CRT_SECURE_NO_WARNINGS. See online help for details.
                 c:\Program Files (x86)\Microsoft Visual Studio 10.0\VC\include\string.h(336) : see declaration of '_wcslwr'
     1>blackcipher.cpp(250): warning C4996: '_wcslwr': This function or variable may be unsafe. Consider using _wcslwr_s instead. To disable deprecation, use _CRT_SECURE_NO_WARNINGS. See online help for details.
                 c:\Program Files (x86)\Microsoft Visual Studio 10.0\VC\include\string.h(336) : see declaration of '_wcslwr'
         environment.cpp
         heartbeat.cpp
         hs_aes.cpp
         hs_aes_tables.cpp
         log.cpp
         maple.cpp
         md5.cpp
         moby.cpp
         util.cpp
       Link:
         c:\Program Files (x86)\Microsoft Visual Studio 10.0\VC\bin\link.exe /ERRORREPORT:PROMPT /OUT:"C:\Users\Andrew\Desktop\The Library\Code\VC#\orbit\Release\bypass.dll" /INCREMENTAL:NO /NOLOGO kernel32.lib user32.lib gdi32.lib winspool.lib comdlg32.lib advapi32.lib shell32.lib ole32.lib oleaut32.lib uuid.lib odbc32.lib odbccp32.lib /MANIFEST /ManifestFile:"Release\bypass.dll.intermediate.manifest" /MANIFESTUAC:"level='asInvoker' uiAccess='false'" /DEBUG /PDB:"C:\Users\Andrew\Desktop\The Library\Code\VC#\orbit\Release\bypass.pdb" /SUBSYSTEM:WINDOWS /OPT:REF /OPT:ICF /LTCG /TLBID:1 /DYNAMICBASE /NXCOMPAT /IMPLIB:"C:\Users\Andrew\Desktop\The Library\Code\VC#\orbit\Release\bypass.lib" /MACHINE:X86 /DLL Release\blackcipher.obj
         Release\environment.obj
         Release\heartbeat.obj
         Release\hs_aes.obj
         Release\hs_aes_tables.obj
         Release\log.obj
         Release\maple.obj
         Release\md5.obj
         Release\moby.obj
         Release\util.obj
         Generating code
         Finished generating code
     1>detours.lib(detours.obj) : warning LNK4099: PDB 'detours.pdb' was not found with 'detours.lib(detours.obj)' or at 'C:\Users\Andrew\Desktop\The Library\Code\VC#\orbit\Release\detours.pdb'; linking object as if no debug info
     1>detours.lib(disasm.obj) : warning LNK4099: PDB 'detours.pdb' was not found with 'detours.lib(disasm.obj)' or at 'C:\Users\Andrew\Desktop\The Library\Code\VC#\orbit\Release\detours.pdb'; linking object as if no debug info
         mobysource.vcxproj -> C:\Users\Andrew\Desktop\The Library\Code\VC#\orbit\Release\bypass.dll
       Manifest:
         C:\Program Files (x86)\Microsoft SDKs\Windows\v7.0A\bin\mt.exe /nologo /verbose /outputresource:"C:\Users\Andrew\Desktop\The Library\Code\VC#\orbit\Release\bypass.dll;#2" /manifest Release\bypass.dll.intermediate.manifest
       FinalizeBuildStatus:
         Deleting file "Release\bypass.unsuccessfulbuild".
         Touching "Release\bypass.lastbuildstate".
     1>Done Building Project "C:\Users\Andrew\Desktop\The Library\Code\VC#\orbit\bypass\mobysource\mobysource.vcxproj" (rebuild target(s)).

Build succeeded.

Time Elapsed 00:00:03.34
